<?xml version="1.0" encoding="UTF-8"?>
<testsuite xmlns:xsi="http://www.w3.org/2001/XMLSchema-instance" xsi:noNamespaceSchemaLocation="https://maven.apache.org/surefire/maven-surefire-plugin/xsd/surefire-test-report.xsd" name="com.onlinexam.avaliacaoonline.AvaliacaoOnlineApplicationTests" time="1.695" tests="1" errors="1" skipped="0" failures="0">
  <properties>
    <property name="sun.desktop" value="windows"/>
    <property name="awt.toolkit" value="sun.awt.windows.WToolkit"/>
    <property name="java.specification.version" value="11"/>
    <property name="sun.cpu.isalist" value="amd64"/>
    <property name="sun.jnu.encoding" value="Cp1252"/>
    <property name="java.class.path" value="C:\Users\Rafael\Documents\PWEB\Plataforma-Avaliacoes-pweb-main\avaliacao-online\target\test-classes;C:\Users\Rafael\Documents\PWEB\Plataforma-Avaliacoes-pweb-main\avaliacao-online\target\classes;C:\Users\Rafael\.m2\repository\org\springframework\boot\spring-boot-starter-web\2.7.10\spring-boot-starter-web-2.7.10.jar;C:\Users\Rafael\.m2\repository\org\springframework\boot\spring-boot-starter\2.7.10\spring-boot-starter-2.7.10.jar;C:\Users\Rafael\.m2\repository\org\springframework\boot\spring-boot-starter-logging\2.7.10\spring-boot-starter-logging-2.7.10.jar;C:\Users\Rafael\.m2\repository\ch\qos\logback\logback-classic\1.2.11\logback-classic-1.2.11.jar;C:\Users\Rafael\.m2\repository\ch\qos\logback\logback-core\1.2.11\logback-core-1.2.11.jar;C:\Users\Rafael\.m2\repository\org\apache\logging\log4j\log4j-to-slf4j\2.17.2\log4j-to-slf4j-2.17.2.jar;C:\Users\Rafael\.m2\repository\org\apache\logging\log4j\log4j-api\2.17.2\log4j-api-2.17.2.jar;C:\Users\Rafael\.m2\repository\org\slf4j\jul-to-slf4j\1.7.36\jul-to-slf4j-1.7.36.jar;C:\Users\Rafael\.m2\repository\jakarta\annotation\jakarta.annotation-api\1.3.5\jakarta.annotation-api-1.3.5.jar;C:\Users\Rafael\.m2\repository\org\yaml\snakeyaml\1.30\snakeyaml-1.30.jar;C:\Users\Rafael\.m2\repository\org\springframework\boot\spring-boot-starter-json\2.7.10\spring-boot-starter-json-2.7.10.jar;C:\Users\Rafael\.m2\repository\com\fasterxml\jackson\core\jackson-databind\2.13.5\jackson-databind-2.13.5.jar;C:\Users\Rafael\.m2\repository\com\fasterxml\jackson\core\jackson-annotations\2.13.5\jackson-annotations-2.13.5.jar;C:\Users\Rafael\.m2\repository\com\fasterxml\jackson\core\jackson-core\2.13.5\jackson-core-2.13.5.jar;C:\Users\Rafael\.m2\repository\com\fasterxml\jackson\datatype\jackson-datatype-jdk8\2.13.5\jackson-datatype-jdk8-2.13.5.jar;C:\Users\Rafael\.m2\repository\com\fasterxml\jackson\datatype\jackson-datatype-jsr310\2.13.5\jackson-datatype-jsr310-2.13.5.jar;C:\Users\Rafael\.m2\repository\com\fasterxml\jackson\module\jackson-module-parameter-names\2.13.5\jackson-module-parameter-names-2.13.5.jar;C:\Users\Rafael\.m2\repository\org\springframework\boot\spring-boot-starter-tomcat\2.7.10\spring-boot-starter-tomcat-2.7.10.jar;C:\Users\Rafael\.m2\repository\org\apache\tomcat\embed\tomcat-embed-core\9.0.73\tomcat-embed-core-9.0.73.jar;C:\Users\Rafael\.m2\repository\org\apache\tomcat\embed\tomcat-embed-el\9.0.73\tomcat-embed-el-9.0.73.jar;C:\Users\Rafael\.m2\repository\org\apache\tomcat\embed\tomcat-embed-websocket\9.0.73\tomcat-embed-websocket-9.0.73.jar;C:\Users\Rafael\.m2\repository\org\springframework\spring-web\5.3.26\spring-web-5.3.26.jar;C:\Users\Rafael\.m2\repository\org\springframework\spring-beans\5.3.26\spring-beans-5.3.26.jar;C:\Users\Rafael\.m2\repository\org\springframework\spring-webmvc\5.3.26\spring-webmvc-5.3.26.jar;C:\Users\Rafael\.m2\repository\org\springframework\spring-aop\5.3.26\spring-aop-5.3.26.jar;C:\Users\Rafael\.m2\repository\org\springframework\spring-context\5.3.26\spring-context-5.3.26.jar;C:\Users\Rafael\.m2\repository\org\springframework\spring-expression\5.3.26\spring-expression-5.3.26.jar;C:\Users\Rafael\.m2\repository\org\springframework\boot\spring-boot-devtools\2.7.10\spring-boot-devtools-2.7.10.jar;C:\Users\Rafael\.m2\repository\org\springframework\boot\spring-boot\2.7.10\spring-boot-2.7.10.jar;C:\Users\Rafael\.m2\repository\org\springframework\boot\spring-boot-autoconfigure\2.7.10\spring-boot-autoconfigure-2.7.10.jar;C:\Users\Rafael\.m2\repository\org\springframework\boot\spring-boot-starter-test\2.7.10\spring-boot-starter-test-2.7.10.jar;C:\Users\Rafael\.m2\repository\org\springframework\boot\spring-boot-test\2.7.10\spring-boot-test-2.7.10.jar;C:\Users\Rafael\.m2\repository\org\springframework\boot\spring-boot-test-autoconfigure\2.7.10\spring-boot-test-autoconfigure-2.7.10.jar;C:\Users\Rafael\.m2\repository\com\jayway\jsonpath\json-path\2.7.0\json-path-2.7.0.jar;C:\Users\Rafael\.m2\repository\net\minidev\json-smart\2.4.10\json-smart-2.4.10.jar;C:\Users\Rafael\.m2\repository\net\minidev\accessors-smart\2.4.9\accessors-smart-2.4.9.jar;C:\Users\Rafael\.m2\repository\org\ow2\asm\asm\9.3\asm-9.3.jar;C:\Users\Rafael\.m2\repository\org\slf4j\slf4j-api\1.7.36\slf4j-api-1.7.36.jar;C:\Users\Rafael\.m2\repository\jakarta\xml\bind\jakarta.xml.bind-api\2.3.3\jakarta.xml.bind-api-2.3.3.jar;C:\Users\Rafael\.m2\repository\jakarta\activation\jakarta.activation-api\1.2.2\jakarta.activation-api-1.2.2.jar;C:\Users\Rafael\.m2\repository\org\assertj\assertj-core\3.22.0\assertj-core-3.22.0.jar;C:\Users\Rafael\.m2\repository\org\hamcrest\hamcrest\2.2\hamcrest-2.2.jar;C:\Users\Rafael\.m2\repository\org\junit\jupiter\junit-jupiter\5.8.2\junit-jupiter-5.8.2.jar;C:\Users\Rafael\.m2\repository\org\junit\jupiter\junit-jupiter-api\5.8.2\junit-jupiter-api-5.8.2.jar;C:\Users\Rafael\.m2\repository\org\opentest4j\opentest4j\1.2.0\opentest4j-1.2.0.jar;C:\Users\Rafael\.m2\repository\org\junit\platform\junit-platform-commons\1.8.2\junit-platform-commons-1.8.2.jar;C:\Users\Rafael\.m2\repository\org\apiguardian\apiguardian-api\1.1.2\apiguardian-api-1.1.2.jar;C:\Users\Rafael\.m2\repository\org\junit\jupiter\junit-jupiter-params\5.8.2\junit-jupiter-params-5.8.2.jar;C:\Users\Rafael\.m2\repository\org\junit\jupiter\junit-jupiter-engine\5.8.2\junit-jupiter-engine-5.8.2.jar;C:\Users\Rafael\.m2\repository\org\junit\platform\junit-platform-engine\1.8.2\junit-platform-engine-1.8.2.jar;C:\Users\Rafael\.m2\repository\org\mockito\mockito-core\4.5.1\mockito-core-4.5.1.jar;C:\Users\Rafael\.m2\repository\net\bytebuddy\byte-buddy\1.12.23\byte-buddy-1.12.23.jar;C:\Users\Rafael\.m2\repository\net\bytebuddy\byte-buddy-agent\1.12.23\byte-buddy-agent-1.12.23.jar;C:\Users\Rafael\.m2\repository\org\objenesis\objenesis\3.2\objenesis-3.2.jar;C:\Users\Rafael\.m2\repository\org\mockito\mockito-junit-jupiter\4.5.1\mockito-junit-jupiter-4.5.1.jar;C:\Users\Rafael\.m2\repository\org\skyscreamer\jsonassert\1.5.1\jsonassert-1.5.1.jar;C:\Users\Rafael\.m2\repository\com\vaadin\external\google\android-json\0.0.20131108.vaadin1\android-json-0.0.20131108.vaadin1.jar;C:\Users\Rafael\.m2\repository\org\springframework\spring-core\5.3.26\spring-core-5.3.26.jar;C:\Users\Rafael\.m2\repository\org\springframework\spring-jcl\5.3.26\spring-jcl-5.3.26.jar;C:\Users\Rafael\.m2\repository\org\springframework\spring-test\5.3.26\spring-test-5.3.26.jar;C:\Users\Rafael\.m2\repository\org\xmlunit\xmlunit-core\2.9.1\xmlunit-core-2.9.1.jar;C:\Users\Rafael\.m2\repository\org\springframework\boot\spring-boot-starter-thymeleaf\2.7.10\spring-boot-starter-thymeleaf-2.7.10.jar;C:\Users\Rafael\.m2\repository\org\thymeleaf\thymeleaf-spring5\3.0.15.RELEASE\thymeleaf-spring5-3.0.15.RELEASE.jar;C:\Users\Rafael\.m2\repository\org\thymeleaf\thymeleaf\3.0.15.RELEASE\thymeleaf-3.0.15.RELEASE.jar;C:\Users\Rafael\.m2\repository\org\attoparser\attoparser\2.0.5.RELEASE\attoparser-2.0.5.RELEASE.jar;C:\Users\Rafael\.m2\repository\org\unbescape\unbescape\1.1.6.RELEASE\unbescape-1.1.6.RELEASE.jar;C:\Users\Rafael\.m2\repository\org\thymeleaf\extras\thymeleaf-extras-java8time\3.0.4.RELEASE\thymeleaf-extras-java8time-3.0.4.RELEASE.jar;C:\Users\Rafael\.m2\repository\org\springframework\boot\spring-boot-starter-data-jpa\2.7.10\spring-boot-starter-data-jpa-2.7.10.jar;C:\Users\Rafael\.m2\repository\org\springframework\boot\spring-boot-starter-aop\2.7.10\spring-boot-starter-aop-2.7.10.jar;C:\Users\Rafael\.m2\repository\org\aspectj\aspectjweaver\1.9.7\aspectjweaver-1.9.7.jar;C:\Users\Rafael\.m2\repository\org\springframework\boot\spring-boot-starter-jdbc\2.7.10\spring-boot-starter-jdbc-2.7.10.jar;C:\Users\Rafael\.m2\repository\com\zaxxer\HikariCP\4.0.3\HikariCP-4.0.3.jar;C:\Users\Rafael\.m2\repository\org\springframework\spring-jdbc\5.3.26\spring-jdbc-5.3.26.jar;C:\Users\Rafael\.m2\repository\jakarta\transaction\jakarta.transaction-api\1.3.3\jakarta.transaction-api-1.3.3.jar;C:\Users\Rafael\.m2\repository\jakarta\persistence\jakarta.persistence-api\2.2.3\jakarta.persistence-api-2.2.3.jar;C:\Users\Rafael\.m2\repository\org\hibernate\hibernate-core\5.6.15.Final\hibernate-core-5.6.15.Final.jar;C:\Users\Rafael\.m2\repository\org\jboss\logging\jboss-logging\3.4.3.Final\jboss-logging-3.4.3.Final.jar;C:\Users\Rafael\.m2\repository\antlr\antlr\2.7.7\antlr-2.7.7.jar;C:\Users\Rafael\.m2\repository\org\jboss\jandex\2.4.2.Final\jandex-2.4.2.Final.jar;C:\Users\Rafael\.m2\repository\com\fasterxml\classmate\1.5.1\classmate-1.5.1.jar;C:\Users\Rafael\.m2\repository\org\hibernate\common\hibernate-commons-annotations\5.1.2.Final\hibernate-commons-annotations-5.1.2.Final.jar;C:\Users\Rafael\.m2\repository\org\glassfish\jaxb\jaxb-runtime\2.3.8\jaxb-runtime-2.3.8.jar;C:\Users\Rafael\.m2\repository\org\glassfish\jaxb\txw2\2.3.8\txw2-2.3.8.jar;C:\Users\Rafael\.m2\repository\com\sun\istack\istack-commons-runtime\3.0.12\istack-commons-runtime-3.0.12.jar;C:\Users\Rafael\.m2\repository\com\sun\activation\jakarta.activation\1.2.2\jakarta.activation-1.2.2.jar;C:\Users\Rafael\.m2\repository\org\springframework\data\spring-data-jpa\2.7.10\spring-data-jpa-2.7.10.jar;C:\Users\Rafael\.m2\repository\org\springframework\data\spring-data-commons\2.7.10\spring-data-commons-2.7.10.jar;C:\Users\Rafael\.m2\repository\org\springframework\spring-orm\5.3.26\spring-orm-5.3.26.jar;C:\Users\Rafael\.m2\repository\org\springframework\spring-tx\5.3.26\spring-tx-5.3.26.jar;C:\Users\Rafael\.m2\repository\org\springframework\spring-aspects\5.3.26\spring-aspects-5.3.26.jar;C:\Users\Rafael\.m2\repository\com\h2database\h2\2.1.214\h2-2.1.214.jar;"/>
    <property name="java.vm.vendor" value="Oracle Corporation"/>
    <property name="sun.arch.data.model" value="64"/>
    <property name="user.variant" value=""/>
    <property name="java.vendor.url" value="https://openjdk.java.net/"/>
    <property name="user.timezone" value="America/Sao_Paulo"/>
    <property name="java.vm.specification.version" value="11"/>
    <property name="os.name" value="Windows 10"/>
    <property name="sun.java.launcher" value="SUN_STANDARD"/>
    <property name="user.country" value="BR"/>
    <property name="sun.boot.library.path" value="C:\Program Files\Java\jdk-11.0.15\bin"/>
    <property name="sun.java.command" value="C:\Users\Rafael\AppData\Local\Temp\surefire17860273379115466375\surefirebooter16748765469580563059.jar C:\Users\Rafael\AppData\Local\Temp\surefire17860273379115466375 2023-04-10T17-24-57_659-jvmRun1 surefire8386106554638343693tmp surefire_08208238104349549170tmp"/>
    <property name="jdk.debug" value="release"/>
    <property name="surefire.test.class.path" value="C:\Users\Rafael\Documents\PWEB\Plataforma-Avaliacoes-pweb-main\avaliacao-online\target\test-classes;C:\Users\Rafael\Documents\PWEB\Plataforma-Avaliacoes-pweb-main\avaliacao-online\target\classes;C:\Users\Rafael\.m2\repository\org\springframework\boot\spring-boot-starter-web\2.7.10\spring-boot-starter-web-2.7.10.jar;C:\Users\Rafael\.m2\repository\org\springframework\boot\spring-boot-starter\2.7.10\spring-boot-starter-2.7.10.jar;C:\Users\Rafael\.m2\repository\org\springframework\boot\spring-boot-starter-logging\2.7.10\spring-boot-starter-logging-2.7.10.jar;C:\Users\Rafael\.m2\repository\ch\qos\logback\logback-classic\1.2.11\logback-classic-1.2.11.jar;C:\Users\Rafael\.m2\repository\ch\qos\logback\logback-core\1.2.11\logback-core-1.2.11.jar;C:\Users\Rafael\.m2\repository\org\apache\logging\log4j\log4j-to-slf4j\2.17.2\log4j-to-slf4j-2.17.2.jar;C:\Users\Rafael\.m2\repository\org\apache\logging\log4j\log4j-api\2.17.2\log4j-api-2.17.2.jar;C:\Users\Rafael\.m2\repository\org\slf4j\jul-to-slf4j\1.7.36\jul-to-slf4j-1.7.36.jar;C:\Users\Rafael\.m2\repository\jakarta\annotation\jakarta.annotation-api\1.3.5\jakarta.annotation-api-1.3.5.jar;C:\Users\Rafael\.m2\repository\org\yaml\snakeyaml\1.30\snakeyaml-1.30.jar;C:\Users\Rafael\.m2\repository\org\springframework\boot\spring-boot-starter-json\2.7.10\spring-boot-starter-json-2.7.10.jar;C:\Users\Rafael\.m2\repository\com\fasterxml\jackson\core\jackson-databind\2.13.5\jackson-databind-2.13.5.jar;C:\Users\Rafael\.m2\repository\com\fasterxml\jackson\core\jackson-annotations\2.13.5\jackson-annotations-2.13.5.jar;C:\Users\Rafael\.m2\repository\com\fasterxml\jackson\core\jackson-core\2.13.5\jackson-core-2.13.5.jar;C:\Users\Rafael\.m2\repository\com\fasterxml\jackson\datatype\jackson-datatype-jdk8\2.13.5\jackson-datatype-jdk8-2.13.5.jar;C:\Users\Rafael\.m2\repository\com\fasterxml\jackson\datatype\jackson-datatype-jsr310\2.13.5\jackson-datatype-jsr310-2.13.5.jar;C:\Users\Rafael\.m2\repository\com\fasterxml\jackson\module\jackson-module-parameter-names\2.13.5\jackson-module-parameter-names-2.13.5.jar;C:\Users\Rafael\.m2\repository\org\springframework\boot\spring-boot-starter-tomcat\2.7.10\spring-boot-starter-tomcat-2.7.10.jar;C:\Users\Rafael\.m2\repository\org\apache\tomcat\embed\tomcat-embed-core\9.0.73\tomcat-embed-core-9.0.73.jar;C:\Users\Rafael\.m2\repository\org\apache\tomcat\embed\tomcat-embed-el\9.0.73\tomcat-embed-el-9.0.73.jar;C:\Users\Rafael\.m2\repository\org\apache\tomcat\embed\tomcat-embed-websocket\9.0.73\tomcat-embed-websocket-9.0.73.jar;C:\Users\Rafael\.m2\repository\org\springframework\spring-web\5.3.26\spring-web-5.3.26.jar;C:\Users\Rafael\.m2\repository\org\springframework\spring-beans\5.3.26\spring-beans-5.3.26.jar;C:\Users\Rafael\.m2\repository\org\springframework\spring-webmvc\5.3.26\spring-webmvc-5.3.26.jar;C:\Users\Rafael\.m2\repository\org\springframework\spring-aop\5.3.26\spring-aop-5.3.26.jar;C:\Users\Rafael\.m2\repository\org\springframework\spring-context\5.3.26\spring-context-5.3.26.jar;C:\Users\Rafael\.m2\repository\org\springframework\spring-expression\5.3.26\spring-expression-5.3.26.jar;C:\Users\Rafael\.m2\repository\org\springframework\boot\spring-boot-devtools\2.7.10\spring-boot-devtools-2.7.10.jar;C:\Users\Rafael\.m2\repository\org\springframework\boot\spring-boot\2.7.10\spring-boot-2.7.10.jar;C:\Users\Rafael\.m2\repository\org\springframework\boot\spring-boot-autoconfigure\2.7.10\spring-boot-autoconfigure-2.7.10.jar;C:\Users\Rafael\.m2\repository\org\springframework\boot\spring-boot-starter-test\2.7.10\spring-boot-starter-test-2.7.10.jar;C:\Users\Rafael\.m2\repository\org\springframework\boot\spring-boot-test\2.7.10\spring-boot-test-2.7.10.jar;C:\Users\Rafael\.m2\repository\org\springframework\boot\spring-boot-test-autoconfigure\2.7.10\spring-boot-test-autoconfigure-2.7.10.jar;C:\Users\Rafael\.m2\repository\com\jayway\jsonpath\json-path\2.7.0\json-path-2.7.0.jar;C:\Users\Rafael\.m2\repository\net\minidev\json-smart\2.4.10\json-smart-2.4.10.jar;C:\Users\Rafael\.m2\repository\net\minidev\accessors-smart\2.4.9\accessors-smart-2.4.9.jar;C:\Users\Rafael\.m2\repository\org\ow2\asm\asm\9.3\asm-9.3.jar;C:\Users\Rafael\.m2\repository\org\slf4j\slf4j-api\1.7.36\slf4j-api-1.7.36.jar;C:\Users\Rafael\.m2\repository\jakarta\xml\bind\jakarta.xml.bind-api\2.3.3\jakarta.xml.bind-api-2.3.3.jar;C:\Users\Rafael\.m2\repository\jakarta\activation\jakarta.activation-api\1.2.2\jakarta.activation-api-1.2.2.jar;C:\Users\Rafael\.m2\repository\org\assertj\assertj-core\3.22.0\assertj-core-3.22.0.jar;C:\Users\Rafael\.m2\repository\org\hamcrest\hamcrest\2.2\hamcrest-2.2.jar;C:\Users\Rafael\.m2\repository\org\junit\jupiter\junit-jupiter\5.8.2\junit-jupiter-5.8.2.jar;C:\Users\Rafael\.m2\repository\org\junit\jupiter\junit-jupiter-api\5.8.2\junit-jupiter-api-5.8.2.jar;C:\Users\Rafael\.m2\repository\org\opentest4j\opentest4j\1.2.0\opentest4j-1.2.0.jar;C:\Users\Rafael\.m2\repository\org\junit\platform\junit-platform-commons\1.8.2\junit-platform-commons-1.8.2.jar;C:\Users\Rafael\.m2\repository\org\apiguardian\apiguardian-api\1.1.2\apiguardian-api-1.1.2.jar;C:\Users\Rafael\.m2\repository\org\junit\jupiter\junit-jupiter-params\5.8.2\junit-jupiter-params-5.8.2.jar;C:\Users\Rafael\.m2\repository\org\junit\jupiter\junit-jupiter-engine\5.8.2\junit-jupiter-engine-5.8.2.jar;C:\Users\Rafael\.m2\repository\org\junit\platform\junit-platform-engine\1.8.2\junit-platform-engine-1.8.2.jar;C:\Users\Rafael\.m2\repository\org\mockito\mockito-core\4.5.1\mockito-core-4.5.1.jar;C:\Users\Rafael\.m2\repository\net\bytebuddy\byte-buddy\1.12.23\byte-buddy-1.12.23.jar;C:\Users\Rafael\.m2\repository\net\bytebuddy\byte-buddy-agent\1.12.23\byte-buddy-agent-1.12.23.jar;C:\Users\Rafael\.m2\repository\org\objenesis\objenesis\3.2\objenesis-3.2.jar;C:\Users\Rafael\.m2\repository\org\mockito\mockito-junit-jupiter\4.5.1\mockito-junit-jupiter-4.5.1.jar;C:\Users\Rafael\.m2\repository\org\skyscreamer\jsonassert\1.5.1\jsonassert-1.5.1.jar;C:\Users\Rafael\.m2\repository\com\vaadin\external\google\android-json\0.0.20131108.vaadin1\android-json-0.0.20131108.vaadin1.jar;C:\Users\Rafael\.m2\repository\org\springframework\spring-core\5.3.26\spring-core-5.3.26.jar;C:\Users\Rafael\.m2\repository\org\springframework\spring-jcl\5.3.26\spring-jcl-5.3.26.jar;C:\Users\Rafael\.m2\repository\org\springframework\spring-test\5.3.26\spring-test-5.3.26.jar;C:\Users\Rafael\.m2\repository\org\xmlunit\xmlunit-core\2.9.1\xmlunit-core-2.9.1.jar;C:\Users\Rafael\.m2\repository\org\springframework\boot\spring-boot-starter-thymeleaf\2.7.10\spring-boot-starter-thymeleaf-2.7.10.jar;C:\Users\Rafael\.m2\repository\org\thymeleaf\thymeleaf-spring5\3.0.15.RELEASE\thymeleaf-spring5-3.0.15.RELEASE.jar;C:\Users\Rafael\.m2\repository\org\thymeleaf\thymeleaf\3.0.15.RELEASE\thymeleaf-3.0.15.RELEASE.jar;C:\Users\Rafael\.m2\repository\org\attoparser\attoparser\2.0.5.RELEASE\attoparser-2.0.5.RELEASE.jar;C:\Users\Rafael\.m2\repository\org\unbescape\unbescape\1.1.6.RELEASE\unbescape-1.1.6.RELEASE.jar;C:\Users\Rafael\.m2\repository\org\thymeleaf\extras\thymeleaf-extras-java8time\3.0.4.RELEASE\thymeleaf-extras-java8time-3.0.4.RELEASE.jar;C:\Users\Rafael\.m2\repository\org\springframework\boot\spring-boot-starter-data-jpa\2.7.10\spring-boot-starter-data-jpa-2.7.10.jar;C:\Users\Rafael\.m2\repository\org\springframework\boot\spring-boot-starter-aop\2.7.10\spring-boot-starter-aop-2.7.10.jar;C:\Users\Rafael\.m2\repository\org\aspectj\aspectjweaver\1.9.7\aspectjweaver-1.9.7.jar;C:\Users\Rafael\.m2\repository\org\springframework\boot\spring-boot-starter-jdbc\2.7.10\spring-boot-starter-jdbc-2.7.10.jar;C:\Users\Rafael\.m2\repository\com\zaxxer\HikariCP\4.0.3\HikariCP-4.0.3.jar;C:\Users\Rafael\.m2\repository\org\springframework\spring-jdbc\5.3.26\spring-jdbc-5.3.26.jar;C:\Users\Rafael\.m2\repository\jakarta\transaction\jakarta.transaction-api\1.3.3\jakarta.transaction-api-1.3.3.jar;C:\Users\Rafael\.m2\repository\jakarta\persistence\jakarta.persistence-api\2.2.3\jakarta.persistence-api-2.2.3.jar;C:\Users\Rafael\.m2\repository\org\hibernate\hibernate-core\5.6.15.Final\hibernate-core-5.6.15.Final.jar;C:\Users\Rafael\.m2\repository\org\jboss\logging\jboss-logging\3.4.3.Final\jboss-logging-3.4.3.Final.jar;C:\Users\Rafael\.m2\repository\antlr\antlr\2.7.7\antlr-2.7.7.jar;C:\Users\Rafael\.m2\repository\org\jboss\jandex\2.4.2.Final\jandex-2.4.2.Final.jar;C:\Users\Rafael\.m2\repository\com\fasterxml\classmate\1.5.1\classmate-1.5.1.jar;C:\Users\Rafael\.m2\repository\org\hibernate\common\hibernate-commons-annotations\5.1.2.Final\hibernate-commons-annotations-5.1.2.Final.jar;C:\Users\Rafael\.m2\repository\org\glassfish\jaxb\jaxb-runtime\2.3.8\jaxb-runtime-2.3.8.jar;C:\Users\Rafael\.m2\repository\org\glassfish\jaxb\txw2\2.3.8\txw2-2.3.8.jar;C:\Users\Rafael\.m2\repository\com\sun\istack\istack-commons-runtime\3.0.12\istack-commons-runtime-3.0.12.jar;C:\Users\Rafael\.m2\repository\com\sun\activation\jakarta.activation\1.2.2\jakarta.activation-1.2.2.jar;C:\Users\Rafael\.m2\repository\org\springframework\data\spring-data-jpa\2.7.10\spring-data-jpa-2.7.10.jar;C:\Users\Rafael\.m2\repository\org\springframework\data\spring-data-commons\2.7.10\spring-data-commons-2.7.10.jar;C:\Users\Rafael\.m2\repository\org\springframework\spring-orm\5.3.26\spring-orm-5.3.26.jar;C:\Users\Rafael\.m2\repository\org\springframework\spring-tx\5.3.26\spring-tx-5.3.26.jar;C:\Users\Rafael\.m2\repository\org\springframework\spring-aspects\5.3.26\spring-aspects-5.3.26.jar;C:\Users\Rafael\.m2\repository\com\h2database\h2\2.1.214\h2-2.1.214.jar;"/>
    <property name="sun.cpu.endian" value="little"/>
    <property name="user.home" value="C:\Users\Rafael"/>
    <property name="user.language" value="pt"/>
    <property name="java.specification.vendor" value="Oracle Corporation"/>
    <property name="java.version.date" value="2022-04-19"/>
    <property name="java.home" value="C:\Program Files\Java\jdk-11.0.15"/>
    <property name="file.separator" value="\"/>
    <property name="basedir" value="C:\Users\Rafael\Documents\PWEB\Plataforma-Avaliacoes-pweb-main\avaliacao-online"/>
    <property name="java.vm.compressedOopsMode" value="32-bit"/>
    <property name="line.separator" value="&#10;"/>
    <property name="java.specification.name" value="Java Platform API Specification"/>
    <property name="java.vm.specification.vendor" value="Oracle Corporation"/>
    <property name="java.awt.graphicsenv" value="sun.awt.Win32GraphicsEnvironment"/>
    <property name="surefire.real.class.path" value="C:\Users\Rafael\AppData\Local\Temp\surefire17860273379115466375\surefirebooter16748765469580563059.jar"/>
    <property name="user.script" value=""/>
    <property name="sun.management.compiler" value="HotSpot 64-Bit Tiered Compilers"/>
    <property name="java.runtime.version" value="11.0.15+8-LTS-149"/>
    <property name="user.name" value="Rafael"/>
    <property name="path.separator" value=";"/>
    <property name="os.version" value="10.0"/>
    <property name="java.runtime.name" value="Java(TM) SE Runtime Environment"/>
    <property name="file.encoding" value="Cp1252"/>
    <property name="java.vm.name" value="Java HotSpot(TM) 64-Bit Server VM"/>
    <property name="java.vendor.version" value="18.9"/>
    <property name="localRepository" value="C:\Users\Rafael\.m2\repository"/>
    <property name="java.vendor.url.bug" value="https://bugreport.java.com/bugreport/"/>
    <property name="java.io.tmpdir" value="C:\Users\Rafael\AppData\Local\Temp\"/>
    <property name="java.version" value="11.0.15"/>
    <property name="user.dir" value="C:\Users\Rafael\Documents\PWEB\Plataforma-Avaliacoes-pweb-main\avaliacao-online"/>
    <property name="os.arch" value="amd64"/>
    <property name="java.vm.specification.name" value="Java Virtual Machine Specification"/>
    <property name="java.awt.printerjob" value="sun.awt.windows.WPrinterJob"/>
    <property name="sun.os.patch.level" value=""/>
    <property name="java.library.path" value="C:\Program Files\Java\jdk-11.0.15\bin;C:\WINDOWS\Sun\Java\bin;C:\WINDOWS\system32;C:\WINDOWS;C:\Program Files\Common Files\Oracle\Java\javapath;C:\WINDOWS\system32;C:\WINDOWS;C:\WINDOWS\System32\Wbem;C:\WINDOWS\System32\WindowsPowerShell\v1.0\;C:\WINDOWS\System32\OpenSSH\;C:\Program Files\Java\jdk-11.0.15\bin;C:\Users\Rafael\AppData\Local\Programs\Python\Python310\Scripts\;C:\Users\Rafael\AppData\Local\Programs\Python\Python310\;C:\Users\Rafael\AppData\Local\Microsoft\WindowsApps;C:\Users\Rafael\AppData\Local\Programs\Microsoft VS Code\bin;C:\mingw64\bin;C:\apache-maven-3.9.0\bin;;."/>
    <property name="java.vendor" value="Oracle Corporation"/>
    <property name="java.vm.info" value="mixed mode"/>
    <property name="java.vm.version" value="11.0.15+8-LTS-149"/>
    <property name="sun.io.unicode.encoding" value="UnicodeLittle"/>
    <property name="java.class.version" value="55.0"/>
  </properties>
  <testcase name="contextLoads" classname="com.onlinexam.avaliacaoonline.AvaliacaoOnlineApplicationTests" time="0.007">
    <error message="Failed to load ApplicationContext" type="java.lang.IllegalStateException">java.lang.IllegalStateException: Failed to load ApplicationContext
Caused by: org.springframework.beans.factory.UnsatisfiedDependencyException: Error creating bean with name 'dataSourceScriptDatabaseInitializer' defined in class path resource [org/springframework/boot/autoconfigure/sql/init/DataSourceInitializationConfiguration.class]: Unsatisfied dependency expressed through method 'dataSourceScriptDatabaseInitializer' parameter 0; nested exception is org.springframework.beans.factory.BeanCreationException: Error creating bean with name 'dataSource' defined in class path resource [org/springframework/boot/autoconfigure/jdbc/DataSourceConfiguration$Hikari.class]: Bean instantiation via factory method failed; nested exception is org.springframework.beans.BeanInstantiationException: Failed to instantiate [com.zaxxer.hikari.HikariDataSource]: Factory method 'dataSource' threw exception; nested exception is java.lang.IllegalStateException: Cannot load driver class: com.mysql.cj.jdbc.Driver
Caused by: org.springframework.beans.factory.BeanCreationException: Error creating bean with name 'dataSource' defined in class path resource [org/springframework/boot/autoconfigure/jdbc/DataSourceConfiguration$Hikari.class]: Bean instantiation via factory method failed; nested exception is org.springframework.beans.BeanInstantiationException: Failed to instantiate [com.zaxxer.hikari.HikariDataSource]: Factory method 'dataSource' threw exception; nested exception is java.lang.IllegalStateException: Cannot load driver class: com.mysql.cj.jdbc.Driver
Caused by: org.springframework.beans.BeanInstantiationException: Failed to instantiate [com.zaxxer.hikari.HikariDataSource]: Factory method 'dataSource' threw exception; nested exception is java.lang.IllegalStateException: Cannot load driver class: com.mysql.cj.jdbc.Driver
Caused by: java.lang.IllegalStateException: Cannot load driver class: com.mysql.cj.jdbc.Driver
</error>
    <system-out><![CDATA[17:24:58.583 [main] DEBUG org.springframework.test.context.BootstrapUtils - Instantiating CacheAwareContextLoaderDelegate from class [org.springframework.test.context.cache.DefaultCacheAwareContextLoaderDelegate]
17:24:58.594 [main] DEBUG org.springframework.test.context.BootstrapUtils - Instantiating BootstrapContext using constructor [public org.springframework.test.context.support.DefaultBootstrapContext(java.lang.Class,org.springframework.test.context.CacheAwareContextLoaderDelegate)]
17:24:58.625 [main] DEBUG org.springframework.test.context.BootstrapUtils - Instantiating TestContextBootstrapper for test class [com.onlinexam.avaliacaoonline.AvaliacaoOnlineApplicationTests] from class [org.springframework.boot.test.context.SpringBootTestContextBootstrapper]
17:24:58.635 [main] INFO org.springframework.boot.test.context.SpringBootTestContextBootstrapper - Neither @ContextConfiguration nor @ContextHierarchy found for test class [com.onlinexam.avaliacaoonline.AvaliacaoOnlineApplicationTests], using SpringBootContextLoader
17:24:58.639 [main] DEBUG org.springframework.test.context.support.AbstractContextLoader - Did not detect default resource location for test class [com.onlinexam.avaliacaoonline.AvaliacaoOnlineApplicationTests]: class path resource [com/onlinexam/avaliacaoonline/AvaliacaoOnlineApplicationTests-context.xml] does not exist
17:24:58.639 [main] DEBUG org.springframework.test.context.support.AbstractContextLoader - Did not detect default resource location for test class [com.onlinexam.avaliacaoonline.AvaliacaoOnlineApplicationTests]: class path resource [com/onlinexam/avaliacaoonline/AvaliacaoOnlineApplicationTestsContext.groovy] does not exist
17:24:58.639 [main] INFO org.springframework.test.context.support.AbstractContextLoader - Could not detect default resource locations for test class [com.onlinexam.avaliacaoonline.AvaliacaoOnlineApplicationTests]: no resource found for suffixes {-context.xml, Context.groovy}.
17:24:58.640 [main] INFO org.springframework.test.context.support.AnnotationConfigContextLoaderUtils - Could not detect default configuration classes for test class [com.onlinexam.avaliacaoonline.AvaliacaoOnlineApplicationTests]: AvaliacaoOnlineApplicationTests does not declare any static, non-private, non-final, nested classes annotated with @Configuration.
17:24:58.676 [main] DEBUG org.springframework.test.context.support.ActiveProfilesUtils - Could not find an 'annotation declaring class' for annotation type [org.springframework.test.context.ActiveProfiles] and class [com.onlinexam.avaliacaoonline.AvaliacaoOnlineApplicationTests]
17:24:58.732 [main] DEBUG org.springframework.context.annotation.ClassPathScanningCandidateComponentProvider - Identified candidate component class: file [C:\Users\Rafael\Documents\PWEB\Plataforma-Avaliacoes-pweb-main\avaliacao-online\target\classes\com\onlinexam\avaliacaoonline\AvaliacaoOnlineApplication.class]
17:24:58.743 [main] INFO org.springframework.boot.test.context.SpringBootTestContextBootstrapper - Found @SpringBootConfiguration com.onlinexam.avaliacaoonline.AvaliacaoOnlineApplication for test class com.onlinexam.avaliacaoonline.AvaliacaoOnlineApplicationTests
17:24:58.830 [main] DEBUG org.springframework.boot.test.context.SpringBootTestContextBootstrapper - @TestExecutionListeners is not present for class [com.onlinexam.avaliacaoonline.AvaliacaoOnlineApplicationTests]: using defaults.
17:24:58.830 [main] INFO org.springframework.boot.test.context.SpringBootTestContextBootstrapper - Loaded default TestExecutionListener class names from location [META-INF/spring.factories]: [org.springframework.boot.test.mock.mockito.MockitoTestExecutionListener, org.springframework.boot.test.mock.mockito.ResetMocksTestExecutionListener, org.springframework.boot.test.autoconfigure.restdocs.RestDocsTestExecutionListener, org.springframework.boot.test.autoconfigure.web.client.MockRestServiceServerResetTestExecutionListener, org.springframework.boot.test.autoconfigure.web.servlet.MockMvcPrintOnlyOnFailureTestExecutionListener, org.springframework.boot.test.autoconfigure.web.servlet.WebDriverTestExecutionListener, org.springframework.boot.test.autoconfigure.webservices.client.MockWebServiceServerTestExecutionListener, org.springframework.test.context.web.ServletTestExecutionListener, org.springframework.test.context.support.DirtiesContextBeforeModesTestExecutionListener, org.springframework.test.context.event.ApplicationEventsTestExecutionListener, org.springframework.test.context.support.DependencyInjectionTestExecutionListener, org.springframework.test.context.support.DirtiesContextTestExecutionListener, org.springframework.test.context.transaction.TransactionalTestExecutionListener, org.springframework.test.context.jdbc.SqlScriptsTestExecutionListener, org.springframework.test.context.event.EventPublishingTestExecutionListener]
17:24:58.848 [main] INFO org.springframework.boot.test.context.SpringBootTestContextBootstrapper - Using TestExecutionListeners: [org.springframework.test.context.web.ServletTestExecutionListener@5c18016b, org.springframework.test.context.support.DirtiesContextBeforeModesTestExecutionListener@33aeca0b, org.springframework.test.context.event.ApplicationEventsTestExecutionListener@43aaf813, org.springframework.boot.test.mock.mockito.MockitoTestExecutionListener@57ac5227, org.springframework.boot.test.autoconfigure.SpringBootDependencyInjectionTestExecutionListener@4ba302e0, org.springframework.test.context.support.DirtiesContextTestExecutionListener@e98770d, org.springframework.test.context.transaction.TransactionalTestExecutionListener@1ae67cad, org.springframework.test.context.jdbc.SqlScriptsTestExecutionListener@2f6e28bc, org.springframework.test.context.event.EventPublishingTestExecutionListener@7c098bb3, org.springframework.boot.test.mock.mockito.ResetMocksTestExecutionListener@31e4bb20, org.springframework.boot.test.autoconfigure.restdocs.RestDocsTestExecutionListener@18cebaa5, org.springframework.boot.test.autoconfigure.web.client.MockRestServiceServerResetTestExecutionListener@463b4ac8, org.springframework.boot.test.autoconfigure.web.servlet.MockMvcPrintOnlyOnFailureTestExecutionListener@765f05af, org.springframework.boot.test.autoconfigure.web.servlet.WebDriverTestExecutionListener@62f68dff, org.springframework.boot.test.autoconfigure.webservices.client.MockWebServiceServerTestExecutionListener@f001896]
17:24:58.851 [main] DEBUG org.springframework.test.context.support.AbstractDirtiesContextTestExecutionListener - Before test class: context [DefaultTestContext@a4ca3f6 testClass = AvaliacaoOnlineApplicationTests, testInstance = [null], testMethod = [null], testException = [null], mergedContextConfiguration = [WebMergedContextConfiguration@72ea6193 testClass = AvaliacaoOnlineApplicationTests, locations = '{}', classes = '{class com.onlinexam.avaliacaoonline.AvaliacaoOnlineApplication}', contextInitializerClasses = '[]', activeProfiles = '{}', propertySourceLocations = '{}', propertySourceProperties = '{org.springframework.boot.test.context.SpringBootTestContextBootstrapper=true}', contextCustomizers = set[org.springframework.boot.test.context.filter.ExcludeFilterContextCustomizer@7bf3a5d8, org.springframework.boot.test.json.DuplicateJsonObjectContextCustomizerFactory$DuplicateJsonObjectContextCustomizer@72ef8d15, org.springframework.boot.test.mock.mockito.MockitoContextCustomizer@0, org.springframework.boot.test.web.client.TestRestTemplateContextCustomizer@6ea2bc93, org.springframework.boot.test.autoconfigure.actuate.metrics.MetricsExportContextCustomizerFactory$DisableMetricExportContextCustomizer@5f77d0f9, org.springframework.boot.test.autoconfigure.properties.PropertyMappingContextCustomizer@0, org.springframework.boot.test.autoconfigure.web.servlet.WebDriverContextCustomizerFactory$Customizer@420a85c4, org.springframework.boot.test.context.SpringBootTestArgs@1, org.springframework.boot.test.context.SpringBootTestWebEnvironment@31368b99], resourceBasePath = 'src/main/webapp', contextLoader = 'org.springframework.boot.test.context.SpringBootContextLoader', parent = [null]], attributes = map['org.springframework.test.context.web.ServletTestExecutionListener.activateListener' -> true]], class annotated with @DirtiesContext [false] with mode [null].

  .   ____          _            __ _ _
 /\\ / ___'_ __ _ _(_)_ __  __ _ \ \ \ \
( ( )\___ | '_ | '_| | '_ \/ _` | \ \ \ \
 \\/  ___)| |_)| | | | | || (_| |  ) ) ) )
  '  |____| .__|_| |_|_| |_\__, | / / / /
 =========|_|==============|___/=/_/_/_/
 :: Spring Boot ::               (v2.7.10)

2023-04-10 17:24:59.166  INFO 4104 --- [           main] c.o.a.AvaliacaoOnlineApplicationTests    : Starting AvaliacaoOnlineApplicationTests using Java 11.0.15 on DESKTOP-8VQEACV with PID 4104 (started by Rafael in C:\Users\Rafael\Documents\PWEB\Plataforma-Avaliacoes-pweb-main\avaliacao-online)
2023-04-10 17:24:59.168  INFO 4104 --- [           main] c.o.a.AvaliacaoOnlineApplicationTests    : No active profile set, falling back to 1 default profile: "default"
2023-04-10 17:24:59.750  INFO 4104 --- [           main] .s.d.r.c.RepositoryConfigurationDelegate : Bootstrapping Spring Data JPA repositories in DEFAULT mode.
2023-04-10 17:24:59.794  INFO 4104 --- [           main] .s.d.r.c.RepositoryConfigurationDelegate : Finished Spring Data repository scanning in 34 ms. Found 1 JPA repository interfaces.
2023-04-10 17:25:00.157  WARN 4104 --- [           main] o.s.w.c.s.GenericWebApplicationContext   : Exception encountered during context initialization - cancelling refresh attempt: org.springframework.beans.factory.UnsatisfiedDependencyException: Error creating bean with name 'dataSourceScriptDatabaseInitializer' defined in class path resource [org/springframework/boot/autoconfigure/sql/init/DataSourceInitializationConfiguration.class]: Unsatisfied dependency expressed through method 'dataSourceScriptDatabaseInitializer' parameter 0; nested exception is org.springframework.beans.factory.BeanCreationException: Error creating bean with name 'dataSource' defined in class path resource [org/springframework/boot/autoconfigure/jdbc/DataSourceConfiguration$Hikari.class]: Bean instantiation via factory method failed; nested exception is org.springframework.beans.BeanInstantiationException: Failed to instantiate [com.zaxxer.hikari.HikariDataSource]: Factory method 'dataSource' threw exception; nested exception is java.lang.IllegalStateException: Cannot load driver class: com.mysql.cj.jdbc.Driver
2023-04-10 17:25:00.179  INFO 4104 --- [           main] ConditionEvaluationReportLoggingListener : 

Error starting ApplicationContext. To display the conditions report re-run your application with 'debug' enabled.
2023-04-10 17:25:00.206 ERROR 4104 --- [           main] o.s.boot.SpringApplication               : Application run failed

org.springframework.beans.factory.UnsatisfiedDependencyException: Error creating bean with name 'dataSourceScriptDatabaseInitializer' defined in class path resource [org/springframework/boot/autoconfigure/sql/init/DataSourceInitializationConfiguration.class]: Unsatisfied dependency expressed through method 'dataSourceScriptDatabaseInitializer' parameter 0; nested exception is org.springframework.beans.factory.BeanCreationException: Error creating bean with name 'dataSource' defined in class path resource [org/springframework/boot/autoconfigure/jdbc/DataSourceConfiguration$Hikari.class]: Bean instantiation via factory method failed; nested exception is org.springframework.beans.BeanInstantiationException: Failed to instantiate [com.zaxxer.hikari.HikariDataSource]: Factory method 'dataSource' threw exception; nested exception is java.lang.IllegalStateException: Cannot load driver class: com.mysql.cj.jdbc.Driver
	at org.springframework.beans.factory.support.ConstructorResolver.createArgumentArray(ConstructorResolver.java:800) ~[spring-beans-5.3.26.jar:5.3.26]
	at org.springframework.beans.factory.support.ConstructorResolver.instantiateUsingFactoryMethod(ConstructorResolver.java:541) ~[spring-beans-5.3.26.jar:5.3.26]
	at org.springframework.beans.factory.support.AbstractAutowireCapableBeanFactory.instantiateUsingFactoryMethod(AbstractAutowireCapableBeanFactory.java:1352) ~[spring-beans-5.3.26.jar:5.3.26]
	at org.springframework.beans.factory.support.AbstractAutowireCapableBeanFactory.createBeanInstance(AbstractAutowireCapableBeanFactory.java:1195) ~[spring-beans-5.3.26.jar:5.3.26]
	at org.springframework.beans.factory.support.AbstractAutowireCapableBeanFactory.doCreateBean(AbstractAutowireCapableBeanFactory.java:582) ~[spring-beans-5.3.26.jar:5.3.26]
	at org.springframework.beans.factory.support.AbstractAutowireCapableBeanFactory.createBean(AbstractAutowireCapableBeanFactory.java:542) ~[spring-beans-5.3.26.jar:5.3.26]
	at org.springframework.beans.factory.support.AbstractBeanFactory.lambda$doGetBean$0(AbstractBeanFactory.java:335) ~[spring-beans-5.3.26.jar:5.3.26]
	at org.springframework.beans.factory.support.DefaultSingletonBeanRegistry.getSingleton(DefaultSingletonBeanRegistry.java:234) ~[spring-beans-5.3.26.jar:5.3.26]
	at org.springframework.beans.factory.support.AbstractBeanFactory.doGetBean(AbstractBeanFactory.java:333) ~[spring-beans-5.3.26.jar:5.3.26]
	at org.springframework.beans.factory.support.AbstractBeanFactory.getBean(AbstractBeanFactory.java:208) ~[spring-beans-5.3.26.jar:5.3.26]
	at org.springframework.beans.factory.support.AbstractBeanFactory.doGetBean(AbstractBeanFactory.java:322) ~[spring-beans-5.3.26.jar:5.3.26]
	at org.springframework.beans.factory.support.AbstractBeanFactory.getBean(AbstractBeanFactory.java:208) ~[spring-beans-5.3.26.jar:5.3.26]
	at org.springframework.context.support.AbstractApplicationContext.getBean(AbstractApplicationContext.java:1156) ~[spring-context-5.3.26.jar:5.3.26]
	at org.springframework.context.support.AbstractApplicationContext.finishBeanFactoryInitialization(AbstractApplicationContext.java:910) ~[spring-context-5.3.26.jar:5.3.26]
	at org.springframework.context.support.AbstractApplicationContext.refresh(AbstractApplicationContext.java:583) ~[spring-context-5.3.26.jar:5.3.26]
	at org.springframework.boot.SpringApplication.refresh(SpringApplication.java:731) ~[spring-boot-2.7.10.jar:2.7.10]
	at org.springframework.boot.SpringApplication.refreshContext(SpringApplication.java:408) ~[spring-boot-2.7.10.jar:2.7.10]
	at org.springframework.boot.SpringApplication.run(SpringApplication.java:307) ~[spring-boot-2.7.10.jar:2.7.10]
	at org.springframework.boot.test.context.SpringBootContextLoader.loadContext(SpringBootContextLoader.java:136) ~[spring-boot-test-2.7.10.jar:2.7.10]
	at org.springframework.test.context.cache.DefaultCacheAwareContextLoaderDelegate.loadContextInternal(DefaultCacheAwareContextLoaderDelegate.java:141) ~[spring-test-5.3.26.jar:5.3.26]
	at org.springframework.test.context.cache.DefaultCacheAwareContextLoaderDelegate.loadContext(DefaultCacheAwareContextLoaderDelegate.java:90) ~[spring-test-5.3.26.jar:5.3.26]
	at org.springframework.test.context.support.DefaultTestContext.getApplicationContext(DefaultTestContext.java:124) ~[spring-test-5.3.26.jar:5.3.26]
	at org.springframework.test.context.web.ServletTestExecutionListener.setUpRequestContextIfNecessary(ServletTestExecutionListener.java:190) ~[spring-test-5.3.26.jar:5.3.26]
	at org.springframework.test.context.web.ServletTestExecutionListener.prepareTestInstance(ServletTestExecutionListener.java:132) ~[spring-test-5.3.26.jar:5.3.26]
	at org.springframework.test.context.TestContextManager.prepareTestInstance(TestContextManager.java:248) ~[spring-test-5.3.26.jar:5.3.26]
	at org.springframework.test.context.junit.jupiter.SpringExtension.postProcessTestInstance(SpringExtension.java:138) ~[spring-test-5.3.26.jar:5.3.26]
	at org.junit.jupiter.engine.descriptor.ClassBasedTestDescriptor.lambda$invokeTestInstancePostProcessors$8(ClassBasedTestDescriptor.java:363) ~[junit-jupiter-engine-5.8.2.jar:5.8.2]
	at org.junit.jupiter.engine.descriptor.ClassBasedTestDescriptor.executeAndMaskThrowable(ClassBasedTestDescriptor.java:368) ~[junit-jupiter-engine-5.8.2.jar:5.8.2]
	at org.junit.jupiter.engine.descriptor.ClassBasedTestDescriptor.lambda$invokeTestInstancePostProcessors$9(ClassBasedTestDescriptor.java:363) ~[junit-jupiter-engine-5.8.2.jar:5.8.2]
	at java.base/java.util.stream.ReferencePipeline$3$1.accept(ReferencePipeline.java:195) ~[na:na]
	at java.base/java.util.stream.ReferencePipeline$2$1.accept(ReferencePipeline.java:177) ~[na:na]
	at java.base/java.util.ArrayList$ArrayListSpliterator.forEachRemaining(ArrayList.java:1655) ~[na:na]
	at java.base/java.util.stream.AbstractPipeline.copyInto(AbstractPipeline.java:484) ~[na:na]
	at java.base/java.util.stream.AbstractPipeline.wrapAndCopyInto(AbstractPipeline.java:474) ~[na:na]
	at java.base/java.util.stream.StreamSpliterators$WrappingSpliterator.forEachRemaining(StreamSpliterators.java:312) ~[na:na]
	at java.base/java.util.stream.Streams$ConcatSpliterator.forEachRemaining(Streams.java:735) ~[na:na]
	at java.base/java.util.stream.Streams$ConcatSpliterator.forEachRemaining(Streams.java:734) ~[na:na]
	at java.base/java.util.stream.ReferencePipeline$Head.forEach(ReferencePipeline.java:658) ~[na:na]
	at org.junit.jupiter.engine.descriptor.ClassBasedTestDescriptor.invokeTestInstancePostProcessors(ClassBasedTestDescriptor.java:362) ~[junit-jupiter-engine-5.8.2.jar:5.8.2]
	at org.junit.jupiter.engine.descriptor.ClassBasedTestDescriptor.lambda$instantiateAndPostProcessTestInstance$6(ClassBasedTestDescriptor.java:283) ~[junit-jupiter-engine-5.8.2.jar:5.8.2]
	at org.junit.platform.engine.support.hierarchical.ThrowableCollector.execute(ThrowableCollector.java:73) ~[junit-platform-engine-1.8.2.jar:1.8.2]
	at org.junit.jupiter.engine.descriptor.ClassBasedTestDescriptor.instantiateAndPostProcessTestInstance(ClassBasedTestDescriptor.java:282) ~[junit-jupiter-engine-5.8.2.jar:5.8.2]
	at org.junit.jupiter.engine.descriptor.ClassBasedTestDescriptor.lambda$testInstancesProvider$4(ClassBasedTestDescriptor.java:272) ~[junit-jupiter-engine-5.8.2.jar:5.8.2]
	at java.base/java.util.Optional.orElseGet(Optional.java:369) ~[na:na]
	at org.junit.jupiter.engine.descriptor.ClassBasedTestDescriptor.lambda$testInstancesProvider$5(ClassBasedTestDescriptor.java:271) ~[junit-jupiter-engine-5.8.2.jar:5.8.2]
	at org.junit.jupiter.engine.execution.TestInstancesProvider.getTestInstances(TestInstancesProvider.java:31) ~[junit-jupiter-engine-5.8.2.jar:5.8.2]
	at org.junit.jupiter.engine.descriptor.TestMethodTestDescriptor.lambda$prepare$0(TestMethodTestDescriptor.java:102) ~[junit-jupiter-engine-5.8.2.jar:5.8.2]
	at org.junit.platform.engine.support.hierarchical.ThrowableCollector.execute(ThrowableCollector.java:73) ~[junit-platform-engine-1.8.2.jar:1.8.2]
	at org.junit.jupiter.engine.descriptor.TestMethodTestDescriptor.prepare(TestMethodTestDescriptor.java:101) ~[junit-jupiter-engine-5.8.2.jar:5.8.2]
	at org.junit.jupiter.engine.descriptor.TestMethodTestDescriptor.prepare(TestMethodTestDescriptor.java:66) ~[junit-jupiter-engine-5.8.2.jar:5.8.2]
	at org.junit.platform.engine.support.hierarchical.NodeTestTask.lambda$prepare$2(NodeTestTask.java:123) ~[junit-platform-engine-1.8.2.jar:1.8.2]
	at org.junit.platform.engine.support.hierarchical.ThrowableCollector.execute(ThrowableCollector.java:73) ~[junit-platform-engine-1.8.2.jar:1.8.2]
	at org.junit.platform.engine.support.hierarchical.NodeTestTask.prepare(NodeTestTask.java:123) ~[junit-platform-engine-1.8.2.jar:1.8.2]
	at org.junit.platform.engine.support.hierarchical.NodeTestTask.execute(NodeTestTask.java:90) ~[junit-platform-engine-1.8.2.jar:1.8.2]
	at java.base/java.util.ArrayList.forEach(ArrayList.java:1541) ~[na:na]
	at org.junit.platform.engine.support.hierarchical.SameThreadHierarchicalTestExecutorService.invokeAll(SameThreadHierarchicalTestExecutorService.java:41) ~[junit-platform-engine-1.8.2.jar:1.8.2]
	at org.junit.platform.engine.support.hierarchical.NodeTestTask.lambda$executeRecursively$6(NodeTestTask.java:155) ~[junit-platform-engine-1.8.2.jar:1.8.2]
	at org.junit.platform.engine.support.hierarchical.ThrowableCollector.execute(ThrowableCollector.java:73) ~[junit-platform-engine-1.8.2.jar:1.8.2]
	at org.junit.platform.engine.support.hierarchical.NodeTestTask.lambda$executeRecursively$8(NodeTestTask.java:141) ~[junit-platform-engine-1.8.2.jar:1.8.2]
	at org.junit.platform.engine.support.hierarchical.Node.around(Node.java:137) ~[junit-platform-engine-1.8.2.jar:1.8.2]
	at org.junit.platform.engine.support.hierarchical.NodeTestTask.lambda$executeRecursively$9(NodeTestTask.java:139) ~[junit-platform-engine-1.8.2.jar:1.8.2]
	at org.junit.platform.engine.support.hierarchical.ThrowableCollector.execute(ThrowableCollector.java:73) ~[junit-platform-engine-1.8.2.jar:1.8.2]
	at org.junit.platform.engine.support.hierarchical.NodeTestTask.executeRecursively(NodeTestTask.java:138) ~[junit-platform-engine-1.8.2.jar:1.8.2]
	at org.junit.platform.engine.support.hierarchical.NodeTestTask.execute(NodeTestTask.java:95) ~[junit-platform-engine-1.8.2.jar:1.8.2]
	at java.base/java.util.ArrayList.forEach(ArrayList.java:1541) ~[na:na]
	at org.junit.platform.engine.support.hierarchical.SameThreadHierarchicalTestExecutorService.invokeAll(SameThreadHierarchicalTestExecutorService.java:41) ~[junit-platform-engine-1.8.2.jar:1.8.2]
	at org.junit.platform.engine.support.hierarchical.NodeTestTask.lambda$executeRecursively$6(NodeTestTask.java:155) ~[junit-platform-engine-1.8.2.jar:1.8.2]
	at org.junit.platform.engine.support.hierarchical.ThrowableCollector.execute(ThrowableCollector.java:73) ~[junit-platform-engine-1.8.2.jar:1.8.2]
	at org.junit.platform.engine.support.hierarchical.NodeTestTask.lambda$executeRecursively$8(NodeTestTask.java:141) ~[junit-platform-engine-1.8.2.jar:1.8.2]
	at org.junit.platform.engine.support.hierarchical.Node.around(Node.java:137) ~[junit-platform-engine-1.8.2.jar:1.8.2]
	at org.junit.platform.engine.support.hierarchical.NodeTestTask.lambda$executeRecursively$9(NodeTestTask.java:139) ~[junit-platform-engine-1.8.2.jar:1.8.2]
	at org.junit.platform.engine.support.hierarchical.ThrowableCollector.execute(ThrowableCollector.java:73) ~[junit-platform-engine-1.8.2.jar:1.8.2]
	at org.junit.platform.engine.support.hierarchical.NodeTestTask.executeRecursively(NodeTestTask.java:138) ~[junit-platform-engine-1.8.2.jar:1.8.2]
	at org.junit.platform.engine.support.hierarchical.NodeTestTask.execute(NodeTestTask.java:95) ~[junit-platform-engine-1.8.2.jar:1.8.2]
	at org.junit.platform.engine.support.hierarchical.SameThreadHierarchicalTestExecutorService.submit(SameThreadHierarchicalTestExecutorService.java:35) ~[junit-platform-engine-1.8.2.jar:1.8.2]
	at org.junit.platform.engine.support.hierarchical.HierarchicalTestExecutor.execute(HierarchicalTestExecutor.java:57) ~[junit-platform-engine-1.8.2.jar:1.8.2]
	at org.junit.platform.engine.support.hierarchical.HierarchicalTestEngine.execute(HierarchicalTestEngine.java:54) ~[junit-platform-engine-1.8.2.jar:1.8.2]
	at org.junit.platform.launcher.core.DefaultLauncher.execute(DefaultLauncher.java:220) ~[junit-platform-launcher-1.3.1.jar:1.3.1]
	at org.junit.platform.launcher.core.DefaultLauncher.lambda$execute$6(DefaultLauncher.java:188) ~[junit-platform-launcher-1.3.1.jar:1.3.1]
	at org.junit.platform.launcher.core.DefaultLauncher.withInterceptedStreams(DefaultLauncher.java:202) ~[junit-platform-launcher-1.3.1.jar:1.3.1]
	at org.junit.platform.launcher.core.DefaultLauncher.execute(DefaultLauncher.java:181) ~[junit-platform-launcher-1.3.1.jar:1.3.1]
	at org.junit.platform.launcher.core.DefaultLauncher.execute(DefaultLauncher.java:128) ~[junit-platform-launcher-1.3.1.jar:1.3.1]
	at org.apache.maven.surefire.junitplatform.JUnitPlatformProvider.invokeAllTests(JUnitPlatformProvider.java:150) ~[surefire-junit-platform-2.22.2.jar:2.22.2]
	at org.apache.maven.surefire.junitplatform.JUnitPlatformProvider.invoke(JUnitPlatformProvider.java:124) ~[surefire-junit-platform-2.22.2.jar:2.22.2]
	at org.apache.maven.surefire.booter.ForkedBooter.invokeProviderInSameClassLoader(ForkedBooter.java:384) ~[surefire-booter-2.22.2.jar:2.22.2]
	at org.apache.maven.surefire.booter.ForkedBooter.runSuitesInProcess(ForkedBooter.java:345) ~[surefire-booter-2.22.2.jar:2.22.2]
	at org.apache.maven.surefire.booter.ForkedBooter.execute(ForkedBooter.java:126) ~[surefire-booter-2.22.2.jar:2.22.2]
	at org.apache.maven.surefire.booter.ForkedBooter.main(ForkedBooter.java:418) ~[surefire-booter-2.22.2.jar:2.22.2]
Caused by: org.springframework.beans.factory.BeanCreationException: Error creating bean with name 'dataSource' defined in class path resource [org/springframework/boot/autoconfigure/jdbc/DataSourceConfiguration$Hikari.class]: Bean instantiation via factory method failed; nested exception is org.springframework.beans.BeanInstantiationException: Failed to instantiate [com.zaxxer.hikari.HikariDataSource]: Factory method 'dataSource' threw exception; nested exception is java.lang.IllegalStateException: Cannot load driver class: com.mysql.cj.jdbc.Driver
	at org.springframework.beans.factory.support.ConstructorResolver.instantiate(ConstructorResolver.java:658) ~[spring-beans-5.3.26.jar:5.3.26]
	at org.springframework.beans.factory.support.ConstructorResolver.instantiateUsingFactoryMethod(ConstructorResolver.java:638) ~[spring-beans-5.3.26.jar:5.3.26]
	at org.springframework.beans.factory.support.AbstractAutowireCapableBeanFactory.instantiateUsingFactoryMethod(AbstractAutowireCapableBeanFactory.java:1352) ~[spring-beans-5.3.26.jar:5.3.26]
	at org.springframework.beans.factory.support.AbstractAutowireCapableBeanFactory.createBeanInstance(AbstractAutowireCapableBeanFactory.java:1195) ~[spring-beans-5.3.26.jar:5.3.26]
	at org.springframework.beans.factory.support.AbstractAutowireCapableBeanFactory.doCreateBean(AbstractAutowireCapableBeanFactory.java:582) ~[spring-beans-5.3.26.jar:5.3.26]
	at org.springframework.beans.factory.support.AbstractAutowireCapableBeanFactory.createBean(AbstractAutowireCapableBeanFactory.java:542) ~[spring-beans-5.3.26.jar:5.3.26]
	at org.springframework.beans.factory.support.AbstractBeanFactory.lambda$doGetBean$0(AbstractBeanFactory.java:335) ~[spring-beans-5.3.26.jar:5.3.26]
	at org.springframework.beans.factory.support.DefaultSingletonBeanRegistry.getSingleton(DefaultSingletonBeanRegistry.java:234) ~[spring-beans-5.3.26.jar:5.3.26]
	at org.springframework.beans.factory.support.AbstractBeanFactory.doGetBean(AbstractBeanFactory.java:333) ~[spring-beans-5.3.26.jar:5.3.26]
	at org.springframework.beans.factory.support.AbstractBeanFactory.getBean(AbstractBeanFactory.java:208) ~[spring-beans-5.3.26.jar:5.3.26]
	at org.springframework.beans.factory.config.DependencyDescriptor.resolveCandidate(DependencyDescriptor.java:276) ~[spring-beans-5.3.26.jar:5.3.26]
	at org.springframework.beans.factory.support.DefaultListableBeanFactory.doResolveDependency(DefaultListableBeanFactory.java:1391) ~[spring-beans-5.3.26.jar:5.3.26]
	at org.springframework.beans.factory.support.DefaultListableBeanFactory.resolveDependency(DefaultListableBeanFactory.java:1311) ~[spring-beans-5.3.26.jar:5.3.26]
	at org.springframework.beans.factory.support.ConstructorResolver.resolveAutowiredArgument(ConstructorResolver.java:887) ~[spring-beans-5.3.26.jar:5.3.26]
	at org.springframework.beans.factory.support.ConstructorResolver.createArgumentArray(ConstructorResolver.java:791) ~[spring-beans-5.3.26.jar:5.3.26]
	... 87 common frames omitted
Caused by: org.springframework.beans.BeanInstantiationException: Failed to instantiate [com.zaxxer.hikari.HikariDataSource]: Factory method 'dataSource' threw exception; nested exception is java.lang.IllegalStateException: Cannot load driver class: com.mysql.cj.jdbc.Driver
	at org.springframework.beans.factory.support.SimpleInstantiationStrategy.instantiate(SimpleInstantiationStrategy.java:185) ~[spring-beans-5.3.26.jar:5.3.26]
	at org.springframework.beans.factory.support.ConstructorResolver.instantiate(ConstructorResolver.java:653) ~[spring-beans-5.3.26.jar:5.3.26]
	... 101 common frames omitted
Caused by: java.lang.IllegalStateException: Cannot load driver class: com.mysql.cj.jdbc.Driver
	at org.springframework.util.Assert.state(Assert.java:97) ~[spring-core-5.3.26.jar:5.3.26]
	at org.springframework.boot.autoconfigure.jdbc.DataSourceProperties.determineDriverClassName(DataSourceProperties.java:175) ~[spring-boot-autoconfigure-2.7.10.jar:2.7.10]
	at org.springframework.boot.autoconfigure.jdbc.DataSourceProperties.initializeDataSourceBuilder(DataSourceProperties.java:125) ~[spring-boot-autoconfigure-2.7.10.jar:2.7.10]
	at org.springframework.boot.autoconfigure.jdbc.DataSourceConfiguration.createDataSource(DataSourceConfiguration.java:48) ~[spring-boot-autoconfigure-2.7.10.jar:2.7.10]
	at org.springframework.boot.autoconfigure.jdbc.DataSourceConfiguration$Hikari.dataSource(DataSourceConfiguration.java:90) ~[spring-boot-autoconfigure-2.7.10.jar:2.7.10]
	at java.base/jdk.internal.reflect.NativeMethodAccessorImpl.invoke0(Native Method) ~[na:na]
	at java.base/jdk.internal.reflect.NativeMethodAccessorImpl.invoke(NativeMethodAccessorImpl.java:62) ~[na:na]
	at java.base/jdk.internal.reflect.DelegatingMethodAccessorImpl.invoke(DelegatingMethodAccessorImpl.java:43) ~[na:na]
	at java.base/java.lang.reflect.Method.invoke(Method.java:566) ~[na:na]
	at org.springframework.beans.factory.support.SimpleInstantiationStrategy.instantiate(SimpleInstantiationStrategy.java:154) ~[spring-beans-5.3.26.jar:5.3.26]
	... 102 common frames omitted

2023-04-10 17:25:00.210 ERROR 4104 --- [           main] o.s.test.context.TestContextManager      : Caught exception while allowing TestExecutionListener [org.springframework.test.context.web.ServletTestExecutionListener@5c18016b] to prepare test instance [com.onlinexam.avaliacaoonline.AvaliacaoOnlineApplicationTests@138aa3cc]

java.lang.IllegalStateException: Failed to load ApplicationContext
	at org.springframework.test.context.cache.DefaultCacheAwareContextLoaderDelegate.loadContext(DefaultCacheAwareContextLoaderDelegate.java:98) ~[spring-test-5.3.26.jar:5.3.26]
	at org.springframework.test.context.support.DefaultTestContext.getApplicationContext(DefaultTestContext.java:124) ~[spring-test-5.3.26.jar:5.3.26]
	at org.springframework.test.context.web.ServletTestExecutionListener.setUpRequestContextIfNecessary(ServletTestExecutionListener.java:190) ~[spring-test-5.3.26.jar:5.3.26]
	at org.springframework.test.context.web.ServletTestExecutionListener.prepareTestInstance(ServletTestExecutionListener.java:132) ~[spring-test-5.3.26.jar:5.3.26]
	at org.springframework.test.context.TestContextManager.prepareTestInstance(TestContextManager.java:248) ~[spring-test-5.3.26.jar:5.3.26]
	at org.springframework.test.context.junit.jupiter.SpringExtension.postProcessTestInstance(SpringExtension.java:138) ~[spring-test-5.3.26.jar:5.3.26]
	at org.junit.jupiter.engine.descriptor.ClassBasedTestDescriptor.lambda$invokeTestInstancePostProcessors$8(ClassBasedTestDescriptor.java:363) ~[junit-jupiter-engine-5.8.2.jar:5.8.2]
	at org.junit.jupiter.engine.descriptor.ClassBasedTestDescriptor.executeAndMaskThrowable(ClassBasedTestDescriptor.java:368) ~[junit-jupiter-engine-5.8.2.jar:5.8.2]
	at org.junit.jupiter.engine.descriptor.ClassBasedTestDescriptor.lambda$invokeTestInstancePostProcessors$9(ClassBasedTestDescriptor.java:363) ~[junit-jupiter-engine-5.8.2.jar:5.8.2]
	at java.base/java.util.stream.ReferencePipeline$3$1.accept(ReferencePipeline.java:195) ~[na:na]
	at java.base/java.util.stream.ReferencePipeline$2$1.accept(ReferencePipeline.java:177) ~[na:na]
	at java.base/java.util.ArrayList$ArrayListSpliterator.forEachRemaining(ArrayList.java:1655) ~[na:na]
	at java.base/java.util.stream.AbstractPipeline.copyInto(AbstractPipeline.java:484) ~[na:na]
	at java.base/java.util.stream.AbstractPipeline.wrapAndCopyInto(AbstractPipeline.java:474) ~[na:na]
	at java.base/java.util.stream.StreamSpliterators$WrappingSpliterator.forEachRemaining(StreamSpliterators.java:312) ~[na:na]
	at java.base/java.util.stream.Streams$ConcatSpliterator.forEachRemaining(Streams.java:735) ~[na:na]
	at java.base/java.util.stream.Streams$ConcatSpliterator.forEachRemaining(Streams.java:734) ~[na:na]
	at java.base/java.util.stream.ReferencePipeline$Head.forEach(ReferencePipeline.java:658) ~[na:na]
	at org.junit.jupiter.engine.descriptor.ClassBasedTestDescriptor.invokeTestInstancePostProcessors(ClassBasedTestDescriptor.java:362) ~[junit-jupiter-engine-5.8.2.jar:5.8.2]
	at org.junit.jupiter.engine.descriptor.ClassBasedTestDescriptor.lambda$instantiateAndPostProcessTestInstance$6(ClassBasedTestDescriptor.java:283) ~[junit-jupiter-engine-5.8.2.jar:5.8.2]
	at org.junit.platform.engine.support.hierarchical.ThrowableCollector.execute(ThrowableCollector.java:73) ~[junit-platform-engine-1.8.2.jar:1.8.2]
	at org.junit.jupiter.engine.descriptor.ClassBasedTestDescriptor.instantiateAndPostProcessTestInstance(ClassBasedTestDescriptor.java:282) ~[junit-jupiter-engine-5.8.2.jar:5.8.2]
	at org.junit.jupiter.engine.descriptor.ClassBasedTestDescriptor.lambda$testInstancesProvider$4(ClassBasedTestDescriptor.java:272) ~[junit-jupiter-engine-5.8.2.jar:5.8.2]
	at java.base/java.util.Optional.orElseGet(Optional.java:369) ~[na:na]
	at org.junit.jupiter.engine.descriptor.ClassBasedTestDescriptor.lambda$testInstancesProvider$5(ClassBasedTestDescriptor.java:271) ~[junit-jupiter-engine-5.8.2.jar:5.8.2]
	at org.junit.jupiter.engine.execution.TestInstancesProvider.getTestInstances(TestInstancesProvider.java:31) ~[junit-jupiter-engine-5.8.2.jar:5.8.2]
	at org.junit.jupiter.engine.descriptor.TestMethodTestDescriptor.lambda$prepare$0(TestMethodTestDescriptor.java:102) ~[junit-jupiter-engine-5.8.2.jar:5.8.2]
	at org.junit.platform.engine.support.hierarchical.ThrowableCollector.execute(ThrowableCollector.java:73) ~[junit-platform-engine-1.8.2.jar:1.8.2]
	at org.junit.jupiter.engine.descriptor.TestMethodTestDescriptor.prepare(TestMethodTestDescriptor.java:101) ~[junit-jupiter-engine-5.8.2.jar:5.8.2]
	at org.junit.jupiter.engine.descriptor.TestMethodTestDescriptor.prepare(TestMethodTestDescriptor.java:66) ~[junit-jupiter-engine-5.8.2.jar:5.8.2]
	at org.junit.platform.engine.support.hierarchical.NodeTestTask.lambda$prepare$2(NodeTestTask.java:123) ~[junit-platform-engine-1.8.2.jar:1.8.2]
	at org.junit.platform.engine.support.hierarchical.ThrowableCollector.execute(ThrowableCollector.java:73) ~[junit-platform-engine-1.8.2.jar:1.8.2]
	at org.junit.platform.engine.support.hierarchical.NodeTestTask.prepare(NodeTestTask.java:123) ~[junit-platform-engine-1.8.2.jar:1.8.2]
	at org.junit.platform.engine.support.hierarchical.NodeTestTask.execute(NodeTestTask.java:90) ~[junit-platform-engine-1.8.2.jar:1.8.2]
	at java.base/java.util.ArrayList.forEach(ArrayList.java:1541) ~[na:na]
	at org.junit.platform.engine.support.hierarchical.SameThreadHierarchicalTestExecutorService.invokeAll(SameThreadHierarchicalTestExecutorService.java:41) ~[junit-platform-engine-1.8.2.jar:1.8.2]
	at org.junit.platform.engine.support.hierarchical.NodeTestTask.lambda$executeRecursively$6(NodeTestTask.java:155) ~[junit-platform-engine-1.8.2.jar:1.8.2]
	at org.junit.platform.engine.support.hierarchical.ThrowableCollector.execute(ThrowableCollector.java:73) ~[junit-platform-engine-1.8.2.jar:1.8.2]
	at org.junit.platform.engine.support.hierarchical.NodeTestTask.lambda$executeRecursively$8(NodeTestTask.java:141) ~[junit-platform-engine-1.8.2.jar:1.8.2]
	at org.junit.platform.engine.support.hierarchical.Node.around(Node.java:137) ~[junit-platform-engine-1.8.2.jar:1.8.2]
	at org.junit.platform.engine.support.hierarchical.NodeTestTask.lambda$executeRecursively$9(NodeTestTask.java:139) ~[junit-platform-engine-1.8.2.jar:1.8.2]
	at org.junit.platform.engine.support.hierarchical.ThrowableCollector.execute(ThrowableCollector.java:73) ~[junit-platform-engine-1.8.2.jar:1.8.2]
	at org.junit.platform.engine.support.hierarchical.NodeTestTask.executeRecursively(NodeTestTask.java:138) ~[junit-platform-engine-1.8.2.jar:1.8.2]
	at org.junit.platform.engine.support.hierarchical.NodeTestTask.execute(NodeTestTask.java:95) ~[junit-platform-engine-1.8.2.jar:1.8.2]
	at java.base/java.util.ArrayList.forEach(ArrayList.java:1541) ~[na:na]
	at org.junit.platform.engine.support.hierarchical.SameThreadHierarchicalTestExecutorService.invokeAll(SameThreadHierarchicalTestExecutorService.java:41) ~[junit-platform-engine-1.8.2.jar:1.8.2]
	at org.junit.platform.engine.support.hierarchical.NodeTestTask.lambda$executeRecursively$6(NodeTestTask.java:155) ~[junit-platform-engine-1.8.2.jar:1.8.2]
	at org.junit.platform.engine.support.hierarchical.ThrowableCollector.execute(ThrowableCollector.java:73) ~[junit-platform-engine-1.8.2.jar:1.8.2]
	at org.junit.platform.engine.support.hierarchical.NodeTestTask.lambda$executeRecursively$8(NodeTestTask.java:141) ~[junit-platform-engine-1.8.2.jar:1.8.2]
	at org.junit.platform.engine.support.hierarchical.Node.around(Node.java:137) ~[junit-platform-engine-1.8.2.jar:1.8.2]
	at org.junit.platform.engine.support.hierarchical.NodeTestTask.lambda$executeRecursively$9(NodeTestTask.java:139) ~[junit-platform-engine-1.8.2.jar:1.8.2]
	at org.junit.platform.engine.support.hierarchical.ThrowableCollector.execute(ThrowableCollector.java:73) ~[junit-platform-engine-1.8.2.jar:1.8.2]
	at org.junit.platform.engine.support.hierarchical.NodeTestTask.executeRecursively(NodeTestTask.java:138) ~[junit-platform-engine-1.8.2.jar:1.8.2]
	at org.junit.platform.engine.support.hierarchical.NodeTestTask.execute(NodeTestTask.java:95) ~[junit-platform-engine-1.8.2.jar:1.8.2]
	at org.junit.platform.engine.support.hierarchical.SameThreadHierarchicalTestExecutorService.submit(SameThreadHierarchicalTestExecutorService.java:35) ~[junit-platform-engine-1.8.2.jar:1.8.2]
	at org.junit.platform.engine.support.hierarchical.HierarchicalTestExecutor.execute(HierarchicalTestExecutor.java:57) ~[junit-platform-engine-1.8.2.jar:1.8.2]
	at org.junit.platform.engine.support.hierarchical.HierarchicalTestEngine.execute(HierarchicalTestEngine.java:54) ~[junit-platform-engine-1.8.2.jar:1.8.2]
	at org.junit.platform.launcher.core.DefaultLauncher.execute(DefaultLauncher.java:220) ~[junit-platform-launcher-1.3.1.jar:1.3.1]
	at org.junit.platform.launcher.core.DefaultLauncher.lambda$execute$6(DefaultLauncher.java:188) ~[junit-platform-launcher-1.3.1.jar:1.3.1]
	at org.junit.platform.launcher.core.DefaultLauncher.withInterceptedStreams(DefaultLauncher.java:202) ~[junit-platform-launcher-1.3.1.jar:1.3.1]
	at org.junit.platform.launcher.core.DefaultLauncher.execute(DefaultLauncher.java:181) ~[junit-platform-launcher-1.3.1.jar:1.3.1]
	at org.junit.platform.launcher.core.DefaultLauncher.execute(DefaultLauncher.java:128) ~[junit-platform-launcher-1.3.1.jar:1.3.1]
	at org.apache.maven.surefire.junitplatform.JUnitPlatformProvider.invokeAllTests(JUnitPlatformProvider.java:150) ~[surefire-junit-platform-2.22.2.jar:2.22.2]
	at org.apache.maven.surefire.junitplatform.JUnitPlatformProvider.invoke(JUnitPlatformProvider.java:124) ~[surefire-junit-platform-2.22.2.jar:2.22.2]
	at org.apache.maven.surefire.booter.ForkedBooter.invokeProviderInSameClassLoader(ForkedBooter.java:384) ~[surefire-booter-2.22.2.jar:2.22.2]
	at org.apache.maven.surefire.booter.ForkedBooter.runSuitesInProcess(ForkedBooter.java:345) ~[surefire-booter-2.22.2.jar:2.22.2]
	at org.apache.maven.surefire.booter.ForkedBooter.execute(ForkedBooter.java:126) ~[surefire-booter-2.22.2.jar:2.22.2]
	at org.apache.maven.surefire.booter.ForkedBooter.main(ForkedBooter.java:418) ~[surefire-booter-2.22.2.jar:2.22.2]
Caused by: org.springframework.beans.factory.UnsatisfiedDependencyException: Error creating bean with name 'dataSourceScriptDatabaseInitializer' defined in class path resource [org/springframework/boot/autoconfigure/sql/init/DataSourceInitializationConfiguration.class]: Unsatisfied dependency expressed through method 'dataSourceScriptDatabaseInitializer' parameter 0; nested exception is org.springframework.beans.factory.BeanCreationException: Error creating bean with name 'dataSource' defined in class path resource [org/springframework/boot/autoconfigure/jdbc/DataSourceConfiguration$Hikari.class]: Bean instantiation via factory method failed; nested exception is org.springframework.beans.BeanInstantiationException: Failed to instantiate [com.zaxxer.hikari.HikariDataSource]: Factory method 'dataSource' threw exception; nested exception is java.lang.IllegalStateException: Cannot load driver class: com.mysql.cj.jdbc.Driver
	at org.springframework.beans.factory.support.ConstructorResolver.createArgumentArray(ConstructorResolver.java:800) ~[spring-beans-5.3.26.jar:5.3.26]
	at org.springframework.beans.factory.support.ConstructorResolver.instantiateUsingFactoryMethod(ConstructorResolver.java:541) ~[spring-beans-5.3.26.jar:5.3.26]
	at org.springframework.beans.factory.support.AbstractAutowireCapableBeanFactory.instantiateUsingFactoryMethod(AbstractAutowireCapableBeanFactory.java:1352) ~[spring-beans-5.3.26.jar:5.3.26]
	at org.springframework.beans.factory.support.AbstractAutowireCapableBeanFactory.createBeanInstance(AbstractAutowireCapableBeanFactory.java:1195) ~[spring-beans-5.3.26.jar:5.3.26]
	at org.springframework.beans.factory.support.AbstractAutowireCapableBeanFactory.doCreateBean(AbstractAutowireCapableBeanFactory.java:582) ~[spring-beans-5.3.26.jar:5.3.26]
	at org.springframework.beans.factory.support.AbstractAutowireCapableBeanFactory.createBean(AbstractAutowireCapableBeanFactory.java:542) ~[spring-beans-5.3.26.jar:5.3.26]
	at org.springframework.beans.factory.support.AbstractBeanFactory.lambda$doGetBean$0(AbstractBeanFactory.java:335) ~[spring-beans-5.3.26.jar:5.3.26]
	at org.springframework.beans.factory.support.DefaultSingletonBeanRegistry.getSingleton(DefaultSingletonBeanRegistry.java:234) ~[spring-beans-5.3.26.jar:5.3.26]
	at org.springframework.beans.factory.support.AbstractBeanFactory.doGetBean(AbstractBeanFactory.java:333) ~[spring-beans-5.3.26.jar:5.3.26]
	at org.springframework.beans.factory.support.AbstractBeanFactory.getBean(AbstractBeanFactory.java:208) ~[spring-beans-5.3.26.jar:5.3.26]
	at org.springframework.beans.factory.support.AbstractBeanFactory.doGetBean(AbstractBeanFactory.java:322) ~[spring-beans-5.3.26.jar:5.3.26]
	at org.springframework.beans.factory.support.AbstractBeanFactory.getBean(AbstractBeanFactory.java:208) ~[spring-beans-5.3.26.jar:5.3.26]
	at org.springframework.context.support.AbstractApplicationContext.getBean(AbstractApplicationContext.java:1156) ~[spring-context-5.3.26.jar:5.3.26]
	at org.springframework.context.support.AbstractApplicationContext.finishBeanFactoryInitialization(AbstractApplicationContext.java:910) ~[spring-context-5.3.26.jar:5.3.26]
	at org.springframework.context.support.AbstractApplicationContext.refresh(AbstractApplicationContext.java:583) ~[spring-context-5.3.26.jar:5.3.26]
	at org.springframework.boot.SpringApplication.refresh(SpringApplication.java:731) ~[spring-boot-2.7.10.jar:2.7.10]
	at org.springframework.boot.SpringApplication.refreshContext(SpringApplication.java:408) ~[spring-boot-2.7.10.jar:2.7.10]
	at org.springframework.boot.SpringApplication.run(SpringApplication.java:307) ~[spring-boot-2.7.10.jar:2.7.10]
	at org.springframework.boot.test.context.SpringBootContextLoader.loadContext(SpringBootContextLoader.java:136) ~[spring-boot-test-2.7.10.jar:2.7.10]
	at org.springframework.test.context.cache.DefaultCacheAwareContextLoaderDelegate.loadContextInternal(DefaultCacheAwareContextLoaderDelegate.java:141) ~[spring-test-5.3.26.jar:5.3.26]
	at org.springframework.test.context.cache.DefaultCacheAwareContextLoaderDelegate.loadContext(DefaultCacheAwareContextLoaderDelegate.java:90) ~[spring-test-5.3.26.jar:5.3.26]
	... 67 common frames omitted
Caused by: org.springframework.beans.factory.BeanCreationException: Error creating bean with name 'dataSource' defined in class path resource [org/springframework/boot/autoconfigure/jdbc/DataSourceConfiguration$Hikari.class]: Bean instantiation via factory method failed; nested exception is org.springframework.beans.BeanInstantiationException: Failed to instantiate [com.zaxxer.hikari.HikariDataSource]: Factory method 'dataSource' threw exception; nested exception is java.lang.IllegalStateException: Cannot load driver class: com.mysql.cj.jdbc.Driver
	at org.springframework.beans.factory.support.ConstructorResolver.instantiate(ConstructorResolver.java:658) ~[spring-beans-5.3.26.jar:5.3.26]
	at org.springframework.beans.factory.support.ConstructorResolver.instantiateUsingFactoryMethod(ConstructorResolver.java:638) ~[spring-beans-5.3.26.jar:5.3.26]
	at org.springframework.beans.factory.support.AbstractAutowireCapableBeanFactory.instantiateUsingFactoryMethod(AbstractAutowireCapableBeanFactory.java:1352) ~[spring-beans-5.3.26.jar:5.3.26]
	at org.springframework.beans.factory.support.AbstractAutowireCapableBeanFactory.createBeanInstance(AbstractAutowireCapableBeanFactory.java:1195) ~[spring-beans-5.3.26.jar:5.3.26]
	at org.springframework.beans.factory.support.AbstractAutowireCapableBeanFactory.doCreateBean(AbstractAutowireCapableBeanFactory.java:582) ~[spring-beans-5.3.26.jar:5.3.26]
	at org.springframework.beans.factory.support.AbstractAutowireCapableBeanFactory.createBean(AbstractAutowireCapableBeanFactory.java:542) ~[spring-beans-5.3.26.jar:5.3.26]
	at org.springframework.beans.factory.support.AbstractBeanFactory.lambda$doGetBean$0(AbstractBeanFactory.java:335) ~[spring-beans-5.3.26.jar:5.3.26]
	at org.springframework.beans.factory.support.DefaultSingletonBeanRegistry.getSingleton(DefaultSingletonBeanRegistry.java:234) ~[spring-beans-5.3.26.jar:5.3.26]
	at org.springframework.beans.factory.support.AbstractBeanFactory.doGetBean(AbstractBeanFactory.java:333) ~[spring-beans-5.3.26.jar:5.3.26]
	at org.springframework.beans.factory.support.AbstractBeanFactory.getBean(AbstractBeanFactory.java:208) ~[spring-beans-5.3.26.jar:5.3.26]
	at org.springframework.beans.factory.config.DependencyDescriptor.resolveCandidate(DependencyDescriptor.java:276) ~[spring-beans-5.3.26.jar:5.3.26]
	at org.springframework.beans.factory.support.DefaultListableBeanFactory.doResolveDependency(DefaultListableBeanFactory.java:1391) ~[spring-beans-5.3.26.jar:5.3.26]
	at org.springframework.beans.factory.support.DefaultListableBeanFactory.resolveDependency(DefaultListableBeanFactory.java:1311) ~[spring-beans-5.3.26.jar:5.3.26]
	at org.springframework.beans.factory.support.ConstructorResolver.resolveAutowiredArgument(ConstructorResolver.java:887) ~[spring-beans-5.3.26.jar:5.3.26]
	at org.springframework.beans.factory.support.ConstructorResolver.createArgumentArray(ConstructorResolver.java:791) ~[spring-beans-5.3.26.jar:5.3.26]
	... 87 common frames omitted
Caused by: org.springframework.beans.BeanInstantiationException: Failed to instantiate [com.zaxxer.hikari.HikariDataSource]: Factory method 'dataSource' threw exception; nested exception is java.lang.IllegalStateException: Cannot load driver class: com.mysql.cj.jdbc.Driver
	at org.springframework.beans.factory.support.SimpleInstantiationStrategy.instantiate(SimpleInstantiationStrategy.java:185) ~[spring-beans-5.3.26.jar:5.3.26]
	at org.springframework.beans.factory.support.ConstructorResolver.instantiate(ConstructorResolver.java:653) ~[spring-beans-5.3.26.jar:5.3.26]
	... 101 common frames omitted
Caused by: java.lang.IllegalStateException: Cannot load driver class: com.mysql.cj.jdbc.Driver
	at org.springframework.util.Assert.state(Assert.java:97) ~[spring-core-5.3.26.jar:5.3.26]
	at org.springframework.boot.autoconfigure.jdbc.DataSourceProperties.determineDriverClassName(DataSourceProperties.java:175) ~[spring-boot-autoconfigure-2.7.10.jar:2.7.10]
	at org.springframework.boot.autoconfigure.jdbc.DataSourceProperties.initializeDataSourceBuilder(DataSourceProperties.java:125) ~[spring-boot-autoconfigure-2.7.10.jar:2.7.10]
	at org.springframework.boot.autoconfigure.jdbc.DataSourceConfiguration.createDataSource(DataSourceConfiguration.java:48) ~[spring-boot-autoconfigure-2.7.10.jar:2.7.10]
	at org.springframework.boot.autoconfigure.jdbc.DataSourceConfiguration$Hikari.dataSource(DataSourceConfiguration.java:90) ~[spring-boot-autoconfigure-2.7.10.jar:2.7.10]
	at java.base/jdk.internal.reflect.NativeMethodAccessorImpl.invoke0(Native Method) ~[na:na]
	at java.base/jdk.internal.reflect.NativeMethodAccessorImpl.invoke(NativeMethodAccessorImpl.java:62) ~[na:na]
	at java.base/jdk.internal.reflect.DelegatingMethodAccessorImpl.invoke(DelegatingMethodAccessorImpl.java:43) ~[na:na]
	at java.base/java.lang.reflect.Method.invoke(Method.java:566) ~[na:na]
	at org.springframework.beans.factory.support.SimpleInstantiationStrategy.instantiate(SimpleInstantiationStrategy.java:154) ~[spring-beans-5.3.26.jar:5.3.26]
	... 102 common frames omitted

]]></system-out>
  </testcase>
</testsuite>